Jetpack-Compose-BarCode-Scanner/app/build/intermediates/manifest_merge_blame_file/debug/manifest-merger-blame-debug-report.txt
1<?xml version="1.0" encoding="utf-8"?>
2<manifest xmlns:android="http://schemas.android.com/apk/res/android"
3    package="com.jetpack.barcodescanner"
4    android:versionCode="1"
5    android:versionName="1.0" >
6
7    <uses-sdk
8        android:minSdkVersion="23"
8-->src\main\AndroidManifest.xml
9        android:targetSdkVersion="31" />
9-->src\main\AndroidManifest.xml
10
11    <uses-feature android:name="android.hardware.camera" />
11-->src\main\AndroidManifest.xml:5:5-60
11-->src\main\AndroidManifest.xml:5:19-57
12
13    <uses-permission android:name="android.permission.CAMERA" />
13-->src\main\AndroidManifest.xml:6:5-65
13-->src\main\AndroidManifest.xml:6:22-62
14
15    <!-- Although the *SdkVersion is captured in gradle build files, this is required for non gradle builds -->
16    <!-- <uses-sdk android:minSdkVersion="14"/> -->
17    <uses-permission android:name="android.permission.ACCESS_NETWORK_STATE" />
17-->[com.google.android.datatransport:transport-backend-cct:2.3.3] AndroidManifest.xml:25:5-79
17-->[com.google.android.datatransport:transport-backend-cct:2.3.3] AndroidManifest.xml:25:22-76
18    <uses-permission android:name="android.permission.INTERNET" />
18-->[com.google.android.datatransport:transport-backend-cct:2.3.3] AndroidManifest.xml:26:5-67
18-->[com.google.android.datatransport:transport-backend-cct:2.3.3] AndroidManifest.xml:26:22-64
19
20    <application
20-->src\main\AndroidManifest.xml:8:5-26:19
21        android:allowBackup="true"
21-->src\main\AndroidManifest.xml:9:9-35
22        android:appComponentFactory="androidx.core.app.CoreComponentFactory"
22-->[androidx.core:core:1.7.0] AndroidManifest.xml:24:18-86
23        android:debuggable="true"
24        android:extractNativeLibs="false"
25        android:icon="@mipmap/ic_launcher"
25-->src\main\AndroidManifest.xml:10:9-43
26        android:label="@string/app_name"
26-->src\main\AndroidManifest.xml:11:9-41
27        android:roundIcon="@mipmap/ic_launcher_round"
27-->src\main\AndroidManifest.xml:12:9-54
28        android:supportsRtl="true"
28-->src\main\AndroidManifest.xml:13:9-35
29        android:testOnly="true"
30        android:theme="@style/Theme.BarcodeScanner" >
30-->src\main\AndroidManifest.xml:14:9-52
31        <activity
31-->src\main\AndroidManifest.xml:15:9-25:20
32            android:name="com.jetpack.barcodescanner.MainActivity"
32-->src\main\AndroidManifest.xml:16:13-41
33            android:exported="true"
33-->src\main\AndroidManifest.xml:17:13-36
34            android:label="@string/app_name"
34-->src\main\AndroidManifest.xml:18:13-45
35            android:theme="@style/Theme.BarcodeScanner.NoActionBar" >
35-->src\main\AndroidManifest.xml:19:13-68
36            <intent-filter>
36-->src\main\AndroidManifest.xml:20:13-24:29
37                <action android:name="android.intent.action.MAIN" />
37-->src\main\AndroidManifest.xml:21:17-69
37-->src\main\AndroidManifest.xml:21:25-66
38
39                <category android:name="android.intent.category.LAUNCHER" />
39-->src\main\AndroidManifest.xml:23:17-77
39-->src\main\AndroidManifest.xml:23:27-74
40            </intent-filter>
41        </activity>
42        <activity
42-->[androidx.compose.ui:ui-tooling:1.0.1] AndroidManifest.xml:25:9-27:39
43            android:name="androidx.compose.ui.tooling.PreviewActivity"
43-->[androidx.compose.ui:ui-tooling:1.0.1] AndroidManifest.xml:26:13-71
44            android:exported="true" />
44-->[androidx.compose.ui:ui-tooling:1.0.1] AndroidManifest.xml:27:13-36
45
46        <service
46-->[com.google.android.gms:play-services-mlkit-barcode-scanning:16.2.1] AndroidManifest.xml:9:9-15:19
47            android:name="com.google.mlkit.common.internal.MlKitComponentDiscoveryService"
47-->[com.google.android.gms:play-services-mlkit-barcode-scanning:16.2.1] AndroidManifest.xml:10:13-91
48            android:directBootAware="true"
48-->[com.google.mlkit:common:17.3.0] AndroidManifest.xml:17:13-43
49            android:exported="false" >
49-->[com.google.android.gms:play-services-mlkit-barcode-scanning:16.2.1] AndroidManifest.xml:11:13-37
50            <meta-data
50-->[com.google.android.gms:play-services-mlkit-barcode-scanning:16.2.1] AndroidManifest.xml:12:13-14:85
51                android:name="com.google.firebase.components:com.google.mlkit.vision.barcode.internal.BarcodeRegistrar"
51-->[com.google.android.gms:play-services-mlkit-barcode-scanning:16.2.1] AndroidManifest.xml:13:17-120
52                android:value="com.google.firebase.components.ComponentRegistrar" />
52-->[com.google.android.gms:play-services-mlkit-barcode-scanning:16.2.1] AndroidManifest.xml:14:17-82
53            <meta-data
53-->[com.google.mlkit:vision-common:16.5.0] AndroidManifest.xml:12:13-14:85
54                android:name="com.google.firebase.components:com.google.mlkit.vision.common.internal.VisionCommonRegistrar"
54-->[com.google.mlkit:vision-common:16.5.0] AndroidManifest.xml:13:17-124
55                android:value="com.google.firebase.components.ComponentRegistrar" />
55-->[com.google.mlkit:vision-common:16.5.0] AndroidManifest.xml:14:17-82
56            <meta-data
56-->[com.google.mlkit:common:17.3.0] AndroidManifest.xml:20:13-22:85
57                android:name="com.google.firebase.components:com.google.mlkit.common.internal.CommonComponentRegistrar"
57-->[com.google.mlkit:common:17.3.0] AndroidManifest.xml:21:17-120
58                android:value="com.google.firebase.components.ComponentRegistrar" />
58-->[com.google.mlkit:common:17.3.0] AndroidManifest.xml:22:17-82
59        </service>
60
61        <provider
61-->[com.google.mlkit:common:17.3.0] AndroidManifest.xml:9:9-13:38
62            android:name="com.google.mlkit.common.internal.MlKitInitProvider"
62-->[com.google.mlkit:common:17.3.0] AndroidManifest.xml:10:13-78
63            android:authorities="com.jetpack.barcodescanner.mlkitinitprovider"
63-->[com.google.mlkit:common:17.3.0] AndroidManifest.xml:11:13-69
64            android:exported="false"
64-->[com.google.mlkit:common:17.3.0] AndroidManifest.xml:12:13-37
65            android:initOrder="99" />
65-->[com.google.mlkit:common:17.3.0] AndroidManifest.xml:13:13-35
66
67        <activity
67-->[com.google.android.gms:play-services-base:17.6.0] AndroidManifest.xml:23:9-26:75
68            android:name="com.google.android.gms.common.api.GoogleApiActivity"
68-->[com.google.android.gms:play-services-base:17.6.0] AndroidManifest.xml:24:13-79
69            android:exported="false"
69-->[com.google.android.gms:play-services-base:17.6.0] AndroidManifest.xml:25:13-37
70            android:theme="@android:style/Theme.Translucent.NoTitleBar" />
70-->[com.google.android.gms:play-services-base:17.6.0] AndroidManifest.xml:26:13-72
71
72        <meta-data
72-->[com.google.android.gms:play-services-basement:17.6.0] AndroidManifest.xml:23:9-25:69
73            android:name="com.google.android.gms.version"
73-->[com.google.android.gms:play-services-basement:17.6.0] AndroidManifest.xml:24:13-58
74            android:value="@integer/google_play_services_version" />
74-->[com.google.android.gms:play-services-basement:17.6.0] AndroidManifest.xml:25:13-66
75
76        <provider
76-->[androidx.emoji2:emoji2:1.0.0] AndroidManifest.xml:26:9-34:20
77            android:name="androidx.startup.InitializationProvider"
77-->[androidx.emoji2:emoji2:1.0.0] AndroidManifest.xml:27:13-67
78            android:authorities="com.jetpack.barcodescanner.androidx-startup"
78-->[androidx.emoji2:emoji2:1.0.0] AndroidManifest.xml:28:13-68
79            android:exported="false" >
79-->[androidx.emoji2:emoji2:1.0.0] AndroidManifest.xml:29:13-37
80            <meta-data
80-->[androidx.emoji2:emoji2:1.0.0] AndroidManifest.xml:31:13-33:52
81                android:name="androidx.emoji2.text.EmojiCompatInitializer"
81-->[androidx.emoji2:emoji2:1.0.0] AndroidManifest.xml:32:17-75
82                android:value="androidx.startup" />
82-->[androidx.emoji2:emoji2:1.0.0] AndroidManifest.xml:33:17-49
83            <meta-data
83-->[androidx.lifecycle:lifecycle-process:2.4.0] AndroidManifest.xml:31:13-33:52
84                android:name="androidx.lifecycle.ProcessLifecycleInitializer"
84-->[androidx.lifecycle:lifecycle-process:2.4.0] AndroidManifest.xml:32:17-78
85                android:value="androidx.startup" />
85-->[androidx.lifecycle:lifecycle-process:2.4.0] AndroidManifest.xml:33:17-49
86            <meta-data
86-->[androidx.profileinstaller:profileinstaller:1.0.3] AndroidManifest.xml:31:13-33:52
87                android:name="androidx.profileinstaller.ProfileInstallerInitializer"
87-->[androidx.profileinstaller:profileinstaller:1.0.3] AndroidManifest.xml:32:17-85
88                android:value="androidx.startup" />
88-->[androidx.profileinstaller:profileinstaller:1.0.3] AndroidManifest.xml:33:17-49
89        </provider>
90
91        <receiver
91-->[androidx.profileinstaller:profileinstaller:1.0.3] AndroidManifest.xml:36:9-45:20
92            android:name="androidx.profileinstaller.ProfileInstallReceiver"
92-->[androidx.profileinstaller:profileinstaller:1.0.3] AndroidManifest.xml:37:13-76
93            android:directBootAware="false"
93-->[androidx.profileinstaller:profileinstaller:1.0.3] AndroidManifest.xml:38:13-44
94            android:enabled="true"
94-->[androidx.profileinstaller:profileinstaller:1.0.3] AndroidManifest.xml:39:13-35
95            android:exported="true"
95-->[androidx.profileinstaller:profileinstaller:1.0.3] AndroidManifest.xml:40:13-36
96            android:permission="android.permission.DUMP" >
96-->[androidx.profileinstaller:profileinstaller:1.0.3] AndroidManifest.xml:41:13-57
97            <intent-filter>
97-->[androidx.profileinstaller:profileinstaller:1.0.3] AndroidManifest.xml:42:13-44:29
98                <action android:name="androidx.profileinstaller.action.INSTALL_PROFILE" />
98-->[androidx.profileinstaller:profileinstaller:1.0.3] AndroidManifest.xml:43:17-91
98-->[androidx.profileinstaller:profileinstaller:1.0.3] AndroidManifest.xml:43:25-88
99            </intent-filter>
100        </receiver>
101
102        <service
102-->[com.google.android.datatransport:transport-backend-cct:2.3.3] AndroidManifest.xml:29:9-35:19
103            android:name="com.google.android.datatransport.runtime.backends.TransportBackendDiscovery"
103-->[com.google.android.datatransport:transport-backend-cct:2.3.3] AndroidManifest.xml:30:13-103
104            android:exported="false" >
104-->[com.google.android.datatransport:transport-backend-cct:2.3.3] AndroidManifest.xml:31:13-37
105            <meta-data
105-->[com.google.android.datatransport:transport-backend-cct:2.3.3] AndroidManifest.xml:32:13-34:39
106                android:name="backend:com.google.android.datatransport.cct.CctBackendFactory"
106-->[com.google.android.datatransport:transport-backend-cct:2.3.3] AndroidManifest.xml:33:17-94
107                android:value="cct" />
107-->[com.google.android.datatransport:transport-backend-cct:2.3.3] AndroidManifest.xml:34:17-36
108        </service>
109        <service
109-->[com.google.android.datatransport:transport-runtime:2.2.6] AndroidManifest.xml:26:9-30:19
110            android:name="com.google.android.datatransport.runtime.scheduling.jobscheduling.JobInfoSchedulerService"
110-->[com.google.android.datatransport:transport-runtime:2.2.6] AndroidManifest.xml:27:13-117
111            android:exported="false"
111-->[com.google.android.datatransport:transport-runtime:2.2.6] AndroidManifest.xml:28:13-37
112            android:permission="android.permission.BIND_JOB_SERVICE" >
112-->[com.google.android.datatransport:transport-runtime:2.2.6] AndroidManifest.xml:29:13-69
113        </service>
114
115        <receiver
115-->[com.google.android.datatransport:transport-runtime:2.2.6] AndroidManifest.xml:32:9-34:40
116            android:name="com.google.android.datatransport.runtime.scheduling.jobscheduling.AlarmManagerSchedulerBroadcastReceiver"
116-->[com.google.android.datatransport:transport-runtime:2.2.6] AndroidManifest.xml:33:13-132
117            android:exported="false" />
117-->[com.google.android.datatransport:transport-runtime:2.2.6] AndroidManifest.xml:34:13-37
118    </application>
119
120</manifest>